<?xml version="1.0" encoding="UTF-8"?>
<!-- Generated by org.testng.reporters.JUnitReportReporter -->
<testsuite hostname="LTIN230189" failures="0" tests="5" name="testClasses.TC_06_findingHospitals" time="0.000" errors="0" timestamp="2024-02-29T16:16:57 IST" skipped="5">
  <testcase classname="testClasses.TC_06_findingHospitals" name="verifyingEmailUsingInvalidInput" time="0.000">
    <skipped/>
  </testcase> <!-- verifyingEmailUsingInvalidInput -->
  <system-out/>
  <testcase classname="testClasses.TC_06_findingHospitals" name="verifyingEmailUsingInvalidInput_1" time="0.000">
    <skipped/>
  </testcase> <!-- verifyingEmailUsingInvalidInput_1 -->
  <system-out/>
  <testcase classname="testClasses.TC_06_findingHospitals" name="verifyingEmailUsingInvalidInput_2" time="0.000">
    <skipped/>
  </testcase> <!-- verifyingEmailUsingInvalidInput_2 -->
  <system-out/>
  <testcase classname="testClasses.TC_06_findingHospitals" name="verifyingEmailUsingInvalidInput_3" time="0.000">
    <skipped/>
  </testcase> <!-- verifyingEmailUsingInvalidInput_3 -->
  <system-out/>
  <testcase classname="testClasses.TC_06_findingHospitals" name="verifyingEmailUsingValidInput" time="0.000">
    <skipped/>
  </testcase> <!-- verifyingEmailUsingValidInput -->
  <system-out/>
</testsuite> <!-- testClasses.TC_06_findingHospitals -->
