<?xml version="1.0" encoding="UTF-8"?>
<!-- Generated by org.testng.reporters.JUnitReportReporter -->
<testsuite hostname="LTIN230189" failures="0" tests="1" name="runnerFile.runnerTest" time="11.730" errors="1" timestamp="2024-03-05T10:45:51 IST" skipped="0">
  <testcase classname="runnerFile.runnerTest" name="setUpClass" time="11.730">
    <error message="Cannot invoke &quot;org.apache.logging.log4j.Logger.info(String)&quot; because &quot;factory.BaseClass.logger&quot; is null" type="java.lang.NullPointerException">
      <![CDATA[java.lang.NullPointerException: Cannot invoke "org.apache.logging.log4j.Logger.info(String)" because "factory.BaseClass.logger" is null
at factory.BaseClass.initilizeBrowser(BaseClass.java:55)
at stepDefinitionFiles.hooks.beforeAll(hooks.java:28)
]]>
    </error>
  </testcase> <!-- setUpClass -->
  <system-out/>
</testsuite> <!-- runnerFile.runnerTest -->
