<?xml version="1.0" encoding="UTF-8"?>
<!-- Generated by org.testng.reporters.JUnitReportReporter -->
<testsuite hostname="LTIN230189" failures="0" tests="2" name="testClasses.TC_02_findingHospitals" time="0.000" errors="0" timestamp="2024-02-29T16:16:57 IST" skipped="2">
  <testcase classname="testClasses.TC_02_findingHospitals" name="navigateToSurgeries" time="0.000">
    <skipped/>
  </testcase> <!-- navigateToSurgeries -->
  <system-out/>
  <testcase classname="testClasses.TC_02_findingHospitals" name="getSurgeriesList" time="0.000">
    <skipped/>
  </testcase> <!-- getSurgeriesList -->
  <system-out/>
</testsuite> <!-- testClasses.TC_02_findingHospitals -->
