<?xml version="1.0" encoding="UTF-8"?>
<!-- Generated by org.testng.reporters.JUnitReportReporter -->
<testsuite hostname="LTIN230189" failures="0" tests="9" name="testClasses.findingHospitals" time="29.733" errors="0" timestamp="2024-02-24T11:41:34 IST" skipped="0">
  <testcase classname="testClasses.findingHospitals" name="search" time="1.178"/>
  <system-out/>
  <testcase classname="testClasses.findingHospitals" name="filter" time="18.397"/>
  <system-out/>
  <testcase classname="testClasses.findingHospitals" name="getDoctorsData" time="0.995"/>
  <system-out/>
  <testcase classname="testClasses.findingHospitals" name="navigateToSurgeries" time="1.230"/>
  <system-out/>
  <testcase classname="testClasses.findingHospitals" name="getSurgeriesList" time="1.643"/>
  <system-out/>
  <testcase classname="testClasses.findingHospitals" name="navigateToCorporate" time="0.184"/>
  <system-out/>
  <testcase classname="testClasses.findingHospitals" name="navigateToDemo" time="4.064"/>
  <system-out/>
  <testcase classname="testClasses.findingHospitals" name="fillName" time="1.786"/>
  <system-out/>
  <testcase classname="testClasses.findingHospitals" name="fillOrg" time="0.256"/>
  <system-out/>
</testsuite> <!-- testClasses.findingHospitals -->
