<?xml version="1.0" encoding="UTF-8"?>
<!-- Generated by org.testng.reporters.JUnitReportReporter -->
<testsuite hostname="LTIN230189" failures="0" tests="1" name="pro2.cabBooking" time="82.290" errors="0" timestamp="2024-01-05T17:29:38 IST" skipped="0">
  <testcase classname="pro2.cabBooking" name="Test" time="82.290"/>
  <system-out/>
</testsuite> <!-- pro2.cabBooking -->
