<?xml version="1.0" encoding="UTF-8"?>
<!-- Generated by org.testng.reporters.JUnitReportReporter -->
<testsuite hostname="LTIN230189" failures="0" tests="2" name="testClasses.TC_03_findingHospitals" time="0.000" errors="0" timestamp="2024-02-29T16:16:57 IST" skipped="2">
  <testcase classname="testClasses.TC_03_findingHospitals" name="navigateToCorporate" time="0.000">
    <skipped/>
  </testcase> <!-- navigateToCorporate -->
  <system-out/>
  <testcase classname="testClasses.TC_03_findingHospitals" name="navigateToDemo" time="0.000">
    <skipped/>
  </testcase> <!-- navigateToDemo -->
  <system-out/>
</testsuite> <!-- testClasses.TC_03_findingHospitals -->
