<?xml version="1.0" encoding="UTF-8"?>
<!-- Generated by org.testng.reporters.JUnitReportReporter -->
<testsuite hostname="LTIN230189" failures="0" tests="1" name="testClasses.TC_07_findingHospitals" time="0.000" errors="0" timestamp="2024-02-29T16:16:57 IST" skipped="1">
  <testcase classname="testClasses.TC_07_findingHospitals" name="verifyScheduleADemoButtonVisibility" time="0.000">
    <skipped/>
  </testcase> <!-- verifyScheduleADemoButtonVisibility -->
  <system-out/>
</testsuite> <!-- testClasses.TC_07_findingHospitals -->
