<?xml version="1.0" encoding="UTF-8"?>
<!-- Generated by org.testng.reporters.JUnitReportReporter -->
<testsuite hostname="LTIN230189" failures="0" tests="3" name="testClasses.TC_01_findingHospitals" time="16.576" errors="0" timestamp="2024-03-06T14:53:24 IST" skipped="0">
  <testcase classname="testClasses.TC_01_findingHospitals" name="search" time="0.706"/>
  <testcase classname="testClasses.TC_01_findingHospitals" name="filter" time="14.728"/>
  <testcase classname="testClasses.TC_01_findingHospitals" name="getDoctorsData" time="1.142"/>
</testsuite> <!-- testClasses.TC_01_findingHospitals -->
