<?xml version="1.0" encoding="UTF-8"?>
<!-- Generated by org.testng.reporters.JUnitReportReporter -->
<testsuite hostname="LTIN230189" failures="0" tests="2" name="testClasses.TC_03_findingHospitals" time="4.623" errors="0" timestamp="2024-03-06T14:53:24 IST" skipped="0">
  <testcase classname="testClasses.TC_03_findingHospitals" name="navigateToCorporate" time="0.077"/>
  <testcase classname="testClasses.TC_03_findingHospitals" name="navigateToDemo" time="4.546"/>
</testsuite> <!-- testClasses.TC_03_findingHospitals -->
