<?xml version="1.0" encoding="UTF-8"?>
<!-- Generated by org.testng.reporters.JUnitReportReporter -->
<testsuite hostname="LTIN230189" failures="0" tests="3" name="testClasses.TC_04_findingHospitals" time="0.000" errors="0" timestamp="2024-03-06T14:53:24 IST" skipped="3">
  <testcase classname="testClasses.TC_04_findingHospitals" name="verifyingPhoneFieldUsingInvalidMobileNumberFormat" time="0.000">
    <skipped/>
  </testcase> <!-- verifyingPhoneFieldUsingInvalidMobileNumberFormat -->
  <testcase classname="testClasses.TC_04_findingHospitals" name="verifyingPhoneFieldUsingBVA" time="0.000">
    <skipped/>
  </testcase> <!-- verifyingPhoneFieldUsingBVA -->
  <testcase classname="testClasses.TC_04_findingHospitals" name="verifyingPhoneFieldUsingBVA_1" time="0.000">
    <skipped/>
  </testcase> <!-- verifyingPhoneFieldUsingBVA_1 -->
</testsuite> <!-- testClasses.TC_04_findingHospitals -->
