<?xml version="1.0" encoding="UTF-8"?>
<!-- Generated by org.testng.reporters.JUnitReportReporter -->
<testsuite hostname="LTIN230189" failures="0" tests="4" name="testClasses.TC_05_findingHospitals" time="0.000" errors="0" timestamp="2024-03-06T14:53:24 IST" skipped="4">
  <testcase classname="testClasses.TC_05_findingHospitals" name="verifyingMobileNumUsingValidInput" time="0.000">
    <skipped/>
  </testcase> <!-- verifyingMobileNumUsingValidInput -->
  <testcase classname="testClasses.TC_05_findingHospitals" name="verifyingMobileNumUsingValidInput_1" time="0.000">
    <skipped/>
  </testcase> <!-- verifyingMobileNumUsingValidInput_1 -->
  <testcase classname="testClasses.TC_05_findingHospitals" name="verifyingMobileNumUsingValidInput_2" time="0.000">
    <skipped/>
  </testcase> <!-- verifyingMobileNumUsingValidInput_2 -->
  <testcase classname="testClasses.TC_05_findingHospitals" name="verifyingMobileNumUsingValidInput_3" time="0.000">
    <skipped/>
  </testcase> <!-- verifyingMobileNumUsingValidInput_3 -->
</testsuite> <!-- testClasses.TC_05_findingHospitals -->
